\BOOKMARK [1][-]{section.1}{Introduction}{}% 1
\BOOKMARK [1][-]{section.2}{Related Work}{}% 2
\BOOKMARK [1][-]{section.3}{Methodology}{}% 3
\BOOKMARK [2][-]{subsection.3.1}{Background}{section.3}% 4
\BOOKMARK [2][-]{subsection.3.2}{Closed Form Matting Loss Function}{section.3}% 5
\BOOKMARK [2][-]{subsection.3.3}{Scribble Annotations}{section.3}% 6
\BOOKMARK [2][-]{subsection.3.4}{Multi-Label Classification}{section.3}% 7
\BOOKMARK [2][-]{subsection.3.5}{Segmentation Backbones}{section.3}% 8
\BOOKMARK [3][-]{subsubsection.3.5.1}{DeepLabV3+}{subsection.3.5}% 9
\BOOKMARK [3][-]{subsubsection.3.5.2}{U-Net}{subsection.3.5}% 10
\BOOKMARK [3][-]{subsubsection.3.5.3}{ERFNet}{subsection.3.5}% 11
\BOOKMARK [1][-]{section.4}{Experiments and Discussion}{}% 12
\BOOKMARK [2][-]{subsection.4.1}{Experiment Settings}{section.4}% 13
\BOOKMARK [2][-]{subsection.4.2}{Evaluation for Matting Performance}{section.4}% 14
\BOOKMARK [2][-]{subsection.4.3}{Segmentation Results of Inspection Tasks}{section.4}% 15
\BOOKMARK [2][-]{subsection.4.4}{Segmentation Results of MCSS Tasks}{section.4}% 16
\BOOKMARK [2][-]{subsection.4.5}{Experimental Results Visualization}{section.4}% 17
\BOOKMARK [1][-]{section.5}{Conclusion}{}% 18
\BOOKMARK [1][-]{section*.1}{References}{}% 19
\BOOKMARK [1][-]{section.1}{The Optimized Target}{}% 20
\BOOKMARK [1][-]{section.2}{The Matting Laplacian Matrix}{}% 21
